------------------------------
Tue Jan 09 2018 3:41:13 PM
GET /
HEADERS=> {
  "host": "localhost:8000",
  "connection": "keep-alive",
  "cache-control": "max-age=0",
  "user-agent": "Mozilla/5.0 (Macintosh; Intel Mac OS X 10_13_2) AppleWebKit/537.36 (KHTML, like Gecko) Chrome/63.0.3239.84 Safari/537.36",
  "upgrade-insecure-requests": "1",
  "accept": "text/html,application/xhtml+xml,application/xml;q=0.9,image/webp,image/apng,*/*;q=0.8",
  "accept-encoding": "gzip, deflate, br",
  "accept-language": "en-US,en;q=0.9",
  "cookie": "logInFailed=true; loginFailed=false,Expires=Thu, 01 Jan 1970 00:00:00 GMT; sessionid=0,Expires=Thu, 01 Jan 1970 00:00:00 GMT"
}
COOKIES=> {
  "logInFailed": "true",
  "loginFailed": "false,Expires",
  "sessionid": "0,Expires"
}
BODY=> {}
------------------------------
Tue Jan 09 2018 3:41:13 PM
GET /css/master.css
HEADERS=> {
  "host": "localhost:8000",
  "connection": "keep-alive",
  "user-agent": "Mozilla/5.0 (Macintosh; Intel Mac OS X 10_13_2) AppleWebKit/537.36 (KHTML, like Gecko) Chrome/63.0.3239.84 Safari/537.36",
  "accept": "text/css,*/*;q=0.1",
  "referer": "http://localhost:8000/",
  "accept-encoding": "gzip, deflate, br",
  "accept-language": "en-US,en;q=0.9",
  "cookie": "logInFailed=true; loginFailed=false,Expires=Thu, 01 Jan 1970 00:00:00 GMT; sessionid=0,Expires=Thu, 01 Jan 1970 00:00:00 GMT"
}
COOKIES=> {
  "logInFailed": "true",
  "loginFailed": "false,Expires",
  "sessionid": "0,Expires"
}
BODY=> {}
------------------------------
Tue Jan 09 2018 3:41:13 PM
GET /js/index.js
HEADERS=> {
  "host": "localhost:8000",
  "connection": "keep-alive",
  "user-agent": "Mozilla/5.0 (Macintosh; Intel Mac OS X 10_13_2) AppleWebKit/537.36 (KHTML, like Gecko) Chrome/63.0.3239.84 Safari/537.36",
  "accept": "*/*",
  "referer": "http://localhost:8000/",
  "accept-encoding": "gzip, deflate, br",
  "accept-language": "en-US,en;q=0.9",
  "cookie": "logInFailed=true; loginFailed=false,Expires=Thu, 01 Jan 1970 00:00:00 GMT; sessionid=0,Expires=Thu, 01 Jan 1970 00:00:00 GMT"
}
COOKIES=> {
  "logInFailed": "true",
  "loginFailed": "false,Expires",
  "sessionid": "0,Expires"
}
BODY=> {}
------------------------------
Tue Jan 09 2018 3:41:13 PM
GET /images/freshorigins.jpg
HEADERS=> {
  "host": "localhost:8000",
  "connection": "keep-alive",
  "user-agent": "Mozilla/5.0 (Macintosh; Intel Mac OS X 10_13_2) AppleWebKit/537.36 (KHTML, like Gecko) Chrome/63.0.3239.84 Safari/537.36",
  "accept": "image/webp,image/apng,image/*,*/*;q=0.8",
  "referer": "http://localhost:8000/",
  "accept-encoding": "gzip, deflate, br",
  "accept-language": "en-US,en;q=0.9",
  "cookie": "logInFailed=true; loginFailed=false,Expires=Thu, 01 Jan 1970 00:00:00 GMT; sessionid=0,Expires=Thu, 01 Jan 1970 00:00:00 GMT"
}
COOKIES=> {
  "logInFailed": "true",
  "loginFailed": "false,Expires",
  "sessionid": "0,Expires"
}
BODY=> {}
------------------------------
Tue Jan 09 2018 3:41:13 PM
GET /images/jar.gif
HEADERS=> {
  "host": "localhost:8000",
  "connection": "keep-alive",
  "user-agent": "Mozilla/5.0 (Macintosh; Intel Mac OS X 10_13_2) AppleWebKit/537.36 (KHTML, like Gecko) Chrome/63.0.3239.84 Safari/537.36",
  "accept": "image/webp,image/apng,image/*,*/*;q=0.8",
  "referer": "http://localhost:8000/",
  "accept-encoding": "gzip, deflate, br",
  "accept-language": "en-US,en;q=0.9",
  "cookie": "logInFailed=true; loginFailed=false,Expires=Thu, 01 Jan 1970 00:00:00 GMT; sessionid=0,Expires=Thu, 01 Jan 1970 00:00:00 GMT"
}
COOKIES=> {
  "logInFailed": "true",
  "loginFailed": "false,Expires",
  "sessionid": "0,Expires"
}
BODY=> {}
------------------------------
Tue Jan 09 2018 3:41:16 PM
GET /guestBook.html
HEADERS=> {
  "host": "localhost:8000",
  "connection": "keep-alive",
  "upgrade-insecure-requests": "1",
  "user-agent": "Mozilla/5.0 (Macintosh; Intel Mac OS X 10_13_2) AppleWebKit/537.36 (KHTML, like Gecko) Chrome/63.0.3239.84 Safari/537.36",
  "accept": "text/html,application/xhtml+xml,application/xml;q=0.9,image/webp,image/apng,*/*;q=0.8",
  "referer": "http://localhost:8000/",
  "accept-encoding": "gzip, deflate, br",
  "accept-language": "en-US,en;q=0.9",
  "cookie": "logInFailed=true; loginFailed=false,Expires=Thu, 01 Jan 1970 00:00:00 GMT; sessionid=0,Expires=Thu, 01 Jan 1970 00:00:00 GMT"
}
COOKIES=> {
  "logInFailed": "true",
  "loginFailed": "false,Expires",
  "sessionid": "0,Expires"
}
BODY=> {}
------------------------------
Tue Jan 09 2018 3:41:16 PM
GET /login.html
HEADERS=> {
  "host": "localhost:8000",
  "connection": "keep-alive",
  "upgrade-insecure-requests": "1",
  "user-agent": "Mozilla/5.0 (Macintosh; Intel Mac OS X 10_13_2) AppleWebKit/537.36 (KHTML, like Gecko) Chrome/63.0.3239.84 Safari/537.36",
  "accept": "text/html,application/xhtml+xml,application/xml;q=0.9,image/webp,image/apng,*/*;q=0.8",
  "referer": "http://localhost:8000/",
  "accept-encoding": "gzip, deflate, br",
  "accept-language": "en-US,en;q=0.9",
  "cookie": "logInFailed=true; loginFailed=false,Expires=Thu, 01 Jan 1970 00:00:00 GMT; sessionid=0,Expires=Thu, 01 Jan 1970 00:00:00 GMT"
}
COOKIES=> {
  "logInFailed": "true",
  "loginFailed": "false,Expires",
  "sessionid": "0,Expires"
}
BODY=> {}
------------------------------
Tue Jan 09 2018 3:41:16 PM
GET /css/master.css
HEADERS=> {
  "host": "localhost:8000",
  "connection": "keep-alive",
  "user-agent": "Mozilla/5.0 (Macintosh; Intel Mac OS X 10_13_2) AppleWebKit/537.36 (KHTML, like Gecko) Chrome/63.0.3239.84 Safari/537.36",
  "accept": "text/css,*/*;q=0.1",
  "referer": "http://localhost:8000/login.html",
  "accept-encoding": "gzip, deflate, br",
  "accept-language": "en-US,en;q=0.9",
  "cookie": "logInFailed=true; loginFailed=false,Expires=Thu, 01 Jan 1970 00:00:00 GMT; sessionid=0,Expires=Thu, 01 Jan 1970 00:00:00 GMT"
}
COOKIES=> {
  "logInFailed": "true",
  "loginFailed": "false,Expires",
  "sessionid": "0,Expires"
}
BODY=> {}
------------------------------
Tue Jan 09 2018 3:42:23 PM
GET /
HEADERS=> {
  "host": "localhost:8000",
  "connection": "keep-alive",
  "user-agent": "Mozilla/5.0 (Macintosh; Intel Mac OS X 10_13_2) AppleWebKit/537.36 (KHTML, like Gecko) Chrome/63.0.3239.84 Safari/537.36",
  "upgrade-insecure-requests": "1",
  "accept": "text/html,application/xhtml+xml,application/xml;q=0.9,image/webp,image/apng,*/*;q=0.8",
  "accept-encoding": "gzip, deflate, br",
  "accept-language": "en-US,en;q=0.9",
  "cookie": "logInFailed=true; loginFailed=false,Expires=Thu, 01 Jan 1970 00:00:00 GMT; sessionid=0,Expires=Thu, 01 Jan 1970 00:00:00 GMT"
}
COOKIES=> {
  "logInFailed": "true",
  "loginFailed": "false,Expires",
  "sessionid": "0,Expires"
}
BODY=> {}
------------------------------
Tue Jan 09 2018 3:42:23 PM
GET /css/master.css
HEADERS=> {
  "host": "localhost:8000",
  "connection": "keep-alive",
  "user-agent": "Mozilla/5.0 (Macintosh; Intel Mac OS X 10_13_2) AppleWebKit/537.36 (KHTML, like Gecko) Chrome/63.0.3239.84 Safari/537.36",
  "accept": "text/css,*/*;q=0.1",
  "referer": "http://localhost:8000/",
  "accept-encoding": "gzip, deflate, br",
  "accept-language": "en-US,en;q=0.9",
  "cookie": "logInFailed=true; loginFailed=false,Expires=Thu, 01 Jan 1970 00:00:00 GMT; sessionid=0,Expires=Thu, 01 Jan 1970 00:00:00 GMT"
}
COOKIES=> {
  "logInFailed": "true",
  "loginFailed": "false,Expires",
  "sessionid": "0,Expires"
}
BODY=> {}
------------------------------
Tue Jan 09 2018 3:42:23 PM
GET /js/index.js
HEADERS=> {
  "host": "localhost:8000",
  "connection": "keep-alive",
  "user-agent": "Mozilla/5.0 (Macintosh; Intel Mac OS X 10_13_2) AppleWebKit/537.36 (KHTML, like Gecko) Chrome/63.0.3239.84 Safari/537.36",
  "accept": "*/*",
  "referer": "http://localhost:8000/",
  "accept-encoding": "gzip, deflate, br",
  "accept-language": "en-US,en;q=0.9",
  "cookie": "logInFailed=true; loginFailed=false,Expires=Thu, 01 Jan 1970 00:00:00 GMT; sessionid=0,Expires=Thu, 01 Jan 1970 00:00:00 GMT"
}
COOKIES=> {
  "logInFailed": "true",
  "loginFailed": "false,Expires",
  "sessionid": "0,Expires"
}
BODY=> {}
------------------------------
Tue Jan 09 2018 3:42:23 PM
GET /images/freshorigins.jpg
HEADERS=> {
  "host": "localhost:8000",
  "connection": "keep-alive",
  "user-agent": "Mozilla/5.0 (Macintosh; Intel Mac OS X 10_13_2) AppleWebKit/537.36 (KHTML, like Gecko) Chrome/63.0.3239.84 Safari/537.36",
  "accept": "image/webp,image/apng,image/*,*/*;q=0.8",
  "referer": "http://localhost:8000/",
  "accept-encoding": "gzip, deflate, br",
  "accept-language": "en-US,en;q=0.9",
  "cookie": "logInFailed=true; loginFailed=false,Expires=Thu, 01 Jan 1970 00:00:00 GMT; sessionid=0,Expires=Thu, 01 Jan 1970 00:00:00 GMT"
}
COOKIES=> {
  "logInFailed": "true",
  "loginFailed": "false,Expires",
  "sessionid": "0,Expires"
}
BODY=> {}
------------------------------
Tue Jan 09 2018 3:42:23 PM
GET /images/jar.gif
HEADERS=> {
  "host": "localhost:8000",
  "connection": "keep-alive",
  "user-agent": "Mozilla/5.0 (Macintosh; Intel Mac OS X 10_13_2) AppleWebKit/537.36 (KHTML, like Gecko) Chrome/63.0.3239.84 Safari/537.36",
  "accept": "image/webp,image/apng,image/*,*/*;q=0.8",
  "referer": "http://localhost:8000/",
  "accept-encoding": "gzip, deflate, br",
  "accept-language": "en-US,en;q=0.9",
  "cookie": "logInFailed=true; loginFailed=false,Expires=Thu, 01 Jan 1970 00:00:00 GMT; sessionid=0,Expires=Thu, 01 Jan 1970 00:00:00 GMT"
}
COOKIES=> {
  "logInFailed": "true",
  "loginFailed": "false,Expires",
  "sessionid": "0,Expires"
}
BODY=> {}
------------------------------
Tue Jan 09 2018 3:42:26 PM
GET /guestBook.html
HEADERS=> {
  "host": "localhost:8000",
  "connection": "keep-alive",
  "upgrade-insecure-requests": "1",
  "user-agent": "Mozilla/5.0 (Macintosh; Intel Mac OS X 10_13_2) AppleWebKit/537.36 (KHTML, like Gecko) Chrome/63.0.3239.84 Safari/537.36",
  "accept": "text/html,application/xhtml+xml,application/xml;q=0.9,image/webp,image/apng,*/*;q=0.8",
  "referer": "http://localhost:8000/",
  "accept-encoding": "gzip, deflate, br",
  "accept-language": "en-US,en;q=0.9",
  "cookie": "logInFailed=true; loginFailed=false,Expires=Thu, 01 Jan 1970 00:00:00 GMT; sessionid=0,Expires=Thu, 01 Jan 1970 00:00:00 GMT"
}
COOKIES=> {
  "logInFailed": "true",
  "loginFailed": "false,Expires",
  "sessionid": "0,Expires"
}
BODY=> {}
------------------------------
Tue Jan 09 2018 3:42:26 PM
GET /login.html
HEADERS=> {
  "host": "localhost:8000",
  "connection": "keep-alive",
  "upgrade-insecure-requests": "1",
  "user-agent": "Mozilla/5.0 (Macintosh; Intel Mac OS X 10_13_2) AppleWebKit/537.36 (KHTML, like Gecko) Chrome/63.0.3239.84 Safari/537.36",
  "accept": "text/html,application/xhtml+xml,application/xml;q=0.9,image/webp,image/apng,*/*;q=0.8",
  "referer": "http://localhost:8000/",
  "accept-encoding": "gzip, deflate, br",
  "accept-language": "en-US,en;q=0.9",
  "cookie": "logInFailed=true; loginFailed=false,Expires=Thu, 01 Jan 1970 00:00:00 GMT; sessionid=0,Expires=Thu, 01 Jan 1970 00:00:00 GMT"
}
COOKIES=> {
  "logInFailed": "true",
  "loginFailed": "false,Expires",
  "sessionid": "0,Expires"
}
BODY=> {}
------------------------------
Tue Jan 09 2018 3:42:26 PM
GET /css/master.css
HEADERS=> {
  "host": "localhost:8000",
  "connection": "keep-alive",
  "user-agent": "Mozilla/5.0 (Macintosh; Intel Mac OS X 10_13_2) AppleWebKit/537.36 (KHTML, like Gecko) Chrome/63.0.3239.84 Safari/537.36",
  "accept": "text/css,*/*;q=0.1",
  "referer": "http://localhost:8000/login.html",
  "accept-encoding": "gzip, deflate, br",
  "accept-language": "en-US,en;q=0.9",
  "cookie": "logInFailed=true; loginFailed=false,Expires=Thu, 01 Jan 1970 00:00:00 GMT; sessionid=0,Expires=Thu, 01 Jan 1970 00:00:00 GMT"
}
COOKIES=> {
  "logInFailed": "true",
  "loginFailed": "false,Expires",
  "sessionid": "0,Expires"
}
BODY=> {}
------------------------------
Tue Jan 09 2018 3:42:44 PM
POST /login.html
HEADERS=> {
  "host": "localhost:8000",
  "connection": "keep-alive",
  "content-length": "26",
  "cache-control": "max-age=0",
  "origin": "http://localhost:8000",
  "upgrade-insecure-requests": "1",
  "content-type": "application/x-www-form-urlencoded",
  "user-agent": "Mozilla/5.0 (Macintosh; Intel Mac OS X 10_13_2) AppleWebKit/537.36 (KHTML, like Gecko) Chrome/63.0.3239.84 Safari/537.36",
  "accept": "text/html,application/xhtml+xml,application/xml;q=0.9,image/webp,image/apng,*/*;q=0.8",
  "referer": "http://localhost:8000/login.html",
  "accept-encoding": "gzip, deflate, br",
  "accept-language": "en-US,en;q=0.9",
  "cookie": "logInFailed=true; loginFailed=false,Expires=Thu, 01 Jan 1970 00:00:00 GMT; sessionid=0,Expires=Thu, 01 Jan 1970 00:00:00 GMT"
}
COOKIES=> {
  "logInFailed": "true",
  "loginFailed": "false,Expires",
  "sessionid": "0,Expires"
}
BODY=> {
  "userName": "salmans",
  "fullName": ""
}
------------------------------
Tue Jan 09 2018 3:42:44 PM
GET /guestBook.html
HEADERS=> {
  "host": "localhost:8000",
  "connection": "keep-alive",
  "cache-control": "max-age=0",
  "upgrade-insecure-requests": "1",
  "user-agent": "Mozilla/5.0 (Macintosh; Intel Mac OS X 10_13_2) AppleWebKit/537.36 (KHTML, like Gecko) Chrome/63.0.3239.84 Safari/537.36",
  "accept": "text/html,application/xhtml+xml,application/xml;q=0.9,image/webp,image/apng,*/*;q=0.8",
  "referer": "http://localhost:8000/login.html",
  "accept-encoding": "gzip, deflate, br",
  "accept-language": "en-US,en;q=0.9",
  "cookie": "logInFailed=true; loginFailed=false,Expires=Thu, 01 Jan 1970 00:00:00 GMT; sessionid=1515492764685"
}
COOKIES=> {
  "logInFailed": "true",
  "loginFailed": "false,Expires",
  "sessionid": "1515492764685"
}
BODY=> {}
------------------------------
Tue Jan 09 2018 3:42:44 PM
GET /css/master.css
HEADERS=> {
  "host": "localhost:8000",
  "connection": "keep-alive",
  "user-agent": "Mozilla/5.0 (Macintosh; Intel Mac OS X 10_13_2) AppleWebKit/537.36 (KHTML, like Gecko) Chrome/63.0.3239.84 Safari/537.36",
  "accept": "text/css,*/*;q=0.1",
  "referer": "http://localhost:8000/guestBook.html",
  "accept-encoding": "gzip, deflate, br",
  "accept-language": "en-US,en;q=0.9",
  "cookie": "logInFailed=true; loginFailed=false,Expires=Thu, 01 Jan 1970 00:00:00 GMT; sessionid=1515492764685"
}
COOKIES=> {
  "logInFailed": "true",
  "loginFailed": "false,Expires",
  "sessionid": "1515492764685"
}
BODY=> {}
------------------------------
Tue Jan 09 2018 3:42:52 PM
GET /logout
HEADERS=> {
  "host": "localhost:8000",
  "connection": "keep-alive",
  "upgrade-insecure-requests": "1",
  "user-agent": "Mozilla/5.0 (Macintosh; Intel Mac OS X 10_13_2) AppleWebKit/537.36 (KHTML, like Gecko) Chrome/63.0.3239.84 Safari/537.36",
  "accept": "text/html,application/xhtml+xml,application/xml;q=0.9,image/webp,image/apng,*/*;q=0.8",
  "referer": "http://localhost:8000/guestBook.html",
  "accept-encoding": "gzip, deflate, br",
  "accept-language": "en-US,en;q=0.9",
  "cookie": "logInFailed=true; loginFailed=false,Expires=Thu, 01 Jan 1970 00:00:00 GMT; sessionid=1515492764685"
}
COOKIES=> {
  "logInFailed": "true",
  "loginFailed": "false,Expires",
  "sessionid": "1515492764685"
}
BODY=> {}
------------------------------
Tue Jan 09 2018 3:42:52 PM
GET /login.html
HEADERS=> {
  "host": "localhost:8000",
  "connection": "keep-alive",
  "upgrade-insecure-requests": "1",
  "user-agent": "Mozilla/5.0 (Macintosh; Intel Mac OS X 10_13_2) AppleWebKit/537.36 (KHTML, like Gecko) Chrome/63.0.3239.84 Safari/537.36",
  "accept": "text/html,application/xhtml+xml,application/xml;q=0.9,image/webp,image/apng,*/*;q=0.8",
  "referer": "http://localhost:8000/guestBook.html",
  "accept-encoding": "gzip, deflate, br",
  "accept-language": "en-US,en;q=0.9",
  "cookie": "logInFailed=true"
}
COOKIES=> {
  "logInFailed": "true"
}
BODY=> {}
------------------------------
Tue Jan 09 2018 3:42:52 PM
GET /css/master.css
HEADERS=> {
  "host": "localhost:8000",
  "connection": "keep-alive",
  "user-agent": "Mozilla/5.0 (Macintosh; Intel Mac OS X 10_13_2) AppleWebKit/537.36 (KHTML, like Gecko) Chrome/63.0.3239.84 Safari/537.36",
  "accept": "text/css,*/*;q=0.1",
  "referer": "http://localhost:8000/login.html",
  "accept-encoding": "gzip, deflate, br",
  "accept-language": "en-US,en;q=0.9",
  "cookie": "logInFailed=true"
}
COOKIES=> {
  "logInFailed": "true"
}
BODY=> {}
------------------------------
Tue Jan 09 2018 3:43:26 PM
POST /login.html
HEADERS=> {
  "host": "localhost:8000",
  "connection": "keep-alive",
  "content-length": "25",
  "cache-control": "max-age=0",
  "origin": "http://localhost:8000",
  "upgrade-insecure-requests": "1",
  "content-type": "application/x-www-form-urlencoded",
  "user-agent": "Mozilla/5.0 (Macintosh; Intel Mac OS X 10_13_2) AppleWebKit/537.36 (KHTML, like Gecko) Chrome/63.0.3239.84 Safari/537.36",
  "accept": "text/html,application/xhtml+xml,application/xml;q=0.9,image/webp,image/apng,*/*;q=0.8",
  "referer": "http://localhost:8000/login.html",
  "accept-encoding": "gzip, deflate, br",
  "accept-language": "en-US,en;q=0.9",
  "cookie": "logInFailed=true"
}
COOKIES=> {
  "logInFailed": "true"
}
BODY=> {
  "userName": "salman",
  "fullName": ""
}
------------------------------
Tue Jan 09 2018 3:43:26 PM
GET /login.html
HEADERS=> {
  "host": "localhost:8000",
  "connection": "keep-alive",
  "cache-control": "max-age=0",
  "upgrade-insecure-requests": "1",
  "user-agent": "Mozilla/5.0 (Macintosh; Intel Mac OS X 10_13_2) AppleWebKit/537.36 (KHTML, like Gecko) Chrome/63.0.3239.84 Safari/537.36",
  "accept": "text/html,application/xhtml+xml,application/xml;q=0.9,image/webp,image/apng,*/*;q=0.8",
  "referer": "http://localhost:8000/login.html",
  "accept-encoding": "gzip, deflate, br",
  "accept-language": "en-US,en;q=0.9",
  "cookie": "logInFailed=true"
}
COOKIES=> {
  "logInFailed": "true"
}
BODY=> {}
------------------------------
Tue Jan 09 2018 3:43:26 PM
GET /css/master.css
HEADERS=> {
  "host": "localhost:8000",
  "connection": "keep-alive",
  "user-agent": "Mozilla/5.0 (Macintosh; Intel Mac OS X 10_13_2) AppleWebKit/537.36 (KHTML, like Gecko) Chrome/63.0.3239.84 Safari/537.36",
  "accept": "text/css,*/*;q=0.1",
  "referer": "http://localhost:8000/login.html",
  "accept-encoding": "gzip, deflate, br",
  "accept-language": "en-US,en;q=0.9",
  "cookie": "logInFailed=true"
}
COOKIES=> {
  "logInFailed": "true"
}
BODY=> {}
------------------------------
Tue Jan 09 2018 3:43:40 PM
POST /login.html
HEADERS=> {
  "host": "localhost:8000",
  "connection": "keep-alive",
  "content-length": "26",
  "cache-control": "max-age=0",
  "origin": "http://localhost:8000",
  "upgrade-insecure-requests": "1",
  "content-type": "application/x-www-form-urlencoded",
  "user-agent": "Mozilla/5.0 (Macintosh; Intel Mac OS X 10_13_2) AppleWebKit/537.36 (KHTML, like Gecko) Chrome/63.0.3239.84 Safari/537.36",
  "accept": "text/html,application/xhtml+xml,application/xml;q=0.9,image/webp,image/apng,*/*;q=0.8",
  "referer": "http://localhost:8000/login.html",
  "accept-encoding": "gzip, deflate, br",
  "accept-language": "en-US,en;q=0.9",
  "cookie": "logInFailed=true"
}
COOKIES=> {
  "logInFailed": "true"
}
BODY=> {
  "userName": "salmans",
  "fullName": ""
}
------------------------------
Tue Jan 09 2018 3:43:40 PM
GET /guestBook.html
HEADERS=> {
  "host": "localhost:8000",
  "connection": "keep-alive",
  "cache-control": "max-age=0",
  "upgrade-insecure-requests": "1",
  "user-agent": "Mozilla/5.0 (Macintosh; Intel Mac OS X 10_13_2) AppleWebKit/537.36 (KHTML, like Gecko) Chrome/63.0.3239.84 Safari/537.36",
  "accept": "text/html,application/xhtml+xml,application/xml;q=0.9,image/webp,image/apng,*/*;q=0.8",
  "referer": "http://localhost:8000/login.html",
  "accept-encoding": "gzip, deflate, br",
  "accept-language": "en-US,en;q=0.9",
  "cookie": "logInFailed=true; sessionid=1515492820202"
}
COOKIES=> {
  "logInFailed": "true",
  "sessionid": "1515492820202"
}
BODY=> {}
------------------------------
Tue Jan 09 2018 3:43:40 PM
GET /css/master.css
HEADERS=> {
  "host": "localhost:8000",
  "connection": "keep-alive",
  "user-agent": "Mozilla/5.0 (Macintosh; Intel Mac OS X 10_13_2) AppleWebKit/537.36 (KHTML, like Gecko) Chrome/63.0.3239.84 Safari/537.36",
  "accept": "text/css,*/*;q=0.1",
  "referer": "http://localhost:8000/guestBook.html",
  "accept-encoding": "gzip, deflate, br",
  "accept-language": "en-US,en;q=0.9",
  "cookie": "logInFailed=true; sessionid=1515492820202"
}
COOKIES=> {
  "logInFailed": "true",
  "sessionid": "1515492820202"
}
BODY=> {}
------------------------------
Tue Jan 09 2018 3:43:42 PM
GET /logout
HEADERS=> {
  "host": "localhost:8000",
  "connection": "keep-alive",
  "upgrade-insecure-requests": "1",
  "user-agent": "Mozilla/5.0 (Macintosh; Intel Mac OS X 10_13_2) AppleWebKit/537.36 (KHTML, like Gecko) Chrome/63.0.3239.84 Safari/537.36",
  "accept": "text/html,application/xhtml+xml,application/xml;q=0.9,image/webp,image/apng,*/*;q=0.8",
  "referer": "http://localhost:8000/guestBook.html",
  "accept-encoding": "gzip, deflate, br",
  "accept-language": "en-US,en;q=0.9",
  "cookie": "logInFailed=true; sessionid=1515492820202"
}
COOKIES=> {
  "logInFailed": "true",
  "sessionid": "1515492820202"
}
BODY=> {}
------------------------------
Tue Jan 09 2018 3:43:42 PM
GET /login.html
HEADERS=> {
  "host": "localhost:8000",
  "connection": "keep-alive",
  "upgrade-insecure-requests": "1",
  "user-agent": "Mozilla/5.0 (Macintosh; Intel Mac OS X 10_13_2) AppleWebKit/537.36 (KHTML, like Gecko) Chrome/63.0.3239.84 Safari/537.36",
  "accept": "text/html,application/xhtml+xml,application/xml;q=0.9,image/webp,image/apng,*/*;q=0.8",
  "referer": "http://localhost:8000/guestBook.html",
  "accept-encoding": "gzip, deflate, br",
  "accept-language": "en-US,en;q=0.9",
  "cookie": "logInFailed=true"
}
COOKIES=> {
  "logInFailed": "true"
}
BODY=> {}
------------------------------
Tue Jan 09 2018 3:43:42 PM
GET /css/master.css
HEADERS=> {
  "host": "localhost:8000",
  "connection": "keep-alive",
  "user-agent": "Mozilla/5.0 (Macintosh; Intel Mac OS X 10_13_2) AppleWebKit/537.36 (KHTML, like Gecko) Chrome/63.0.3239.84 Safari/537.36",
  "accept": "text/css,*/*;q=0.1",
  "referer": "http://localhost:8000/login.html",
  "accept-encoding": "gzip, deflate, br",
  "accept-language": "en-US,en;q=0.9",
  "cookie": "logInFailed=true"
}
COOKIES=> {
  "logInFailed": "true"
}
BODY=> {}
------------------------------
Tue Jan 09 2018 3:44:58 PM
POST /login.html
HEADERS=> {
  "host": "localhost:8000",
  "connection": "keep-alive",
  "content-length": "26",
  "cache-control": "max-age=0",
  "origin": "http://localhost:8000",
  "upgrade-insecure-requests": "1",
  "content-type": "application/x-www-form-urlencoded",
  "user-agent": "Mozilla/5.0 (Macintosh; Intel Mac OS X 10_13_2) AppleWebKit/537.36 (KHTML, like Gecko) Chrome/63.0.3239.84 Safari/537.36",
  "accept": "text/html,application/xhtml+xml,application/xml;q=0.9,image/webp,image/apng,*/*;q=0.8",
  "referer": "http://localhost:8000/login.html",
  "accept-encoding": "gzip, deflate, br",
  "accept-language": "en-US,en;q=0.9"
}
COOKIES=> {}
BODY=> {
  "userName": "salmans",
  "fullName": ""
}
------------------------------
Tue Jan 09 2018 3:44:58 PM
GET /guestBook.html
HEADERS=> {
  "host": "localhost:8000",
  "connection": "keep-alive",
  "cache-control": "max-age=0",
  "upgrade-insecure-requests": "1",
  "user-agent": "Mozilla/5.0 (Macintosh; Intel Mac OS X 10_13_2) AppleWebKit/537.36 (KHTML, like Gecko) Chrome/63.0.3239.84 Safari/537.36",
  "accept": "text/html,application/xhtml+xml,application/xml;q=0.9,image/webp,image/apng,*/*;q=0.8",
  "referer": "http://localhost:8000/login.html",
  "accept-encoding": "gzip, deflate, br",
  "accept-language": "en-US,en;q=0.9",
  "cookie": "sessionid=1515492898940"
}
COOKIES=> {
  "sessionid": "1515492898940"
}
BODY=> {}
------------------------------
Tue Jan 09 2018 3:44:59 PM
GET /css/master.css
HEADERS=> {
  "host": "localhost:8000",
  "connection": "keep-alive",
  "user-agent": "Mozilla/5.0 (Macintosh; Intel Mac OS X 10_13_2) AppleWebKit/537.36 (KHTML, like Gecko) Chrome/63.0.3239.84 Safari/537.36",
  "accept": "text/css,*/*;q=0.1",
  "referer": "http://localhost:8000/guestBook.html",
  "accept-encoding": "gzip, deflate, br",
  "accept-language": "en-US,en;q=0.9",
  "cookie": "sessionid=1515492898940"
}
COOKIES=> {
  "sessionid": "1515492898940"
}
BODY=> {}
------------------------------
Tue Jan 09 2018 3:45:02 PM
GET /logout
HEADERS=> {
  "host": "localhost:8000",
  "connection": "keep-alive",
  "upgrade-insecure-requests": "1",
  "user-agent": "Mozilla/5.0 (Macintosh; Intel Mac OS X 10_13_2) AppleWebKit/537.36 (KHTML, like Gecko) Chrome/63.0.3239.84 Safari/537.36",
  "accept": "text/html,application/xhtml+xml,application/xml;q=0.9,image/webp,image/apng,*/*;q=0.8",
  "referer": "http://localhost:8000/guestBook.html",
  "accept-encoding": "gzip, deflate, br",
  "accept-language": "en-US,en;q=0.9",
  "cookie": "sessionid=1515492898940"
}
COOKIES=> {
  "sessionid": "1515492898940"
}
BODY=> {}
------------------------------
Tue Jan 09 2018 3:45:02 PM
GET /login.html
HEADERS=> {
  "host": "localhost:8000",
  "connection": "keep-alive",
  "upgrade-insecure-requests": "1",
  "user-agent": "Mozilla/5.0 (Macintosh; Intel Mac OS X 10_13_2) AppleWebKit/537.36 (KHTML, like Gecko) Chrome/63.0.3239.84 Safari/537.36",
  "accept": "text/html,application/xhtml+xml,application/xml;q=0.9,image/webp,image/apng,*/*;q=0.8",
  "referer": "http://localhost:8000/guestBook.html",
  "accept-encoding": "gzip, deflate, br",
  "accept-language": "en-US,en;q=0.9"
}
COOKIES=> {}
BODY=> {}
------------------------------
Tue Jan 09 2018 3:45:02 PM
GET /css/master.css
HEADERS=> {
  "host": "localhost:8000",
  "connection": "keep-alive",
  "user-agent": "Mozilla/5.0 (Macintosh; Intel Mac OS X 10_13_2) AppleWebKit/537.36 (KHTML, like Gecko) Chrome/63.0.3239.84 Safari/537.36",
  "accept": "text/css,*/*;q=0.1",
  "referer": "http://localhost:8000/login.html",
  "accept-encoding": "gzip, deflate, br",
  "accept-language": "en-US,en;q=0.9"
}
COOKIES=> {}
BODY=> {}
------------------------------
Tue Jan 09 2018 3:45:17 PM
POST /login.html
HEADERS=> {
  "host": "localhost:8000",
  "connection": "keep-alive",
  "content-length": "21",
  "cache-control": "max-age=0",
  "origin": "http://localhost:8000",
  "upgrade-insecure-requests": "1",
  "content-type": "application/x-www-form-urlencoded",
  "user-agent": "Mozilla/5.0 (Macintosh; Intel Mac OS X 10_13_2) AppleWebKit/537.36 (KHTML, like Gecko) Chrome/63.0.3239.84 Safari/537.36",
  "accept": "text/html,application/xhtml+xml,application/xml;q=0.9,image/webp,image/apng,*/*;q=0.8",
  "referer": "http://localhost:8000/login.html",
  "accept-encoding": "gzip, deflate, br",
  "accept-language": "en-US,en;q=0.9"
}
COOKIES=> {}
BODY=> {
  "userName": "hh",
  "fullName": ""
}
------------------------------
Tue Jan 09 2018 3:45:17 PM
GET /login.html
HEADERS=> {
  "host": "localhost:8000",
  "connection": "keep-alive",
  "cache-control": "max-age=0",
  "upgrade-insecure-requests": "1",
  "user-agent": "Mozilla/5.0 (Macintosh; Intel Mac OS X 10_13_2) AppleWebKit/537.36 (KHTML, like Gecko) Chrome/63.0.3239.84 Safari/537.36",
  "accept": "text/html,application/xhtml+xml,application/xml;q=0.9,image/webp,image/apng,*/*;q=0.8",
  "referer": "http://localhost:8000/login.html",
  "accept-encoding": "gzip, deflate, br",
  "accept-language": "en-US,en;q=0.9",
  "cookie": "logInFailed=true"
}
COOKIES=> {
  "logInFailed": "true"
}
BODY=> {}
------------------------------
Tue Jan 09 2018 3:45:17 PM
GET /css/master.css
HEADERS=> {
  "host": "localhost:8000",
  "connection": "keep-alive",
  "user-agent": "Mozilla/5.0 (Macintosh; Intel Mac OS X 10_13_2) AppleWebKit/537.36 (KHTML, like Gecko) Chrome/63.0.3239.84 Safari/537.36",
  "accept": "text/css,*/*;q=0.1",
  "referer": "http://localhost:8000/login.html",
  "accept-encoding": "gzip, deflate, br",
  "accept-language": "en-US,en;q=0.9",
  "cookie": "logInFailed=true"
}
COOKIES=> {
  "logInFailed": "true"
}
BODY=> {}
------------------------------
Tue Jan 09 2018 3:45:26 PM
POST /login.html
HEADERS=> {
  "host": "localhost:8000",
  "connection": "keep-alive",
  "content-length": "26",
  "cache-control": "max-age=0",
  "origin": "http://localhost:8000",
  "upgrade-insecure-requests": "1",
  "content-type": "application/x-www-form-urlencoded",
  "user-agent": "Mozilla/5.0 (Macintosh; Intel Mac OS X 10_13_2) AppleWebKit/537.36 (KHTML, like Gecko) Chrome/63.0.3239.84 Safari/537.36",
  "accept": "text/html,application/xhtml+xml,application/xml;q=0.9,image/webp,image/apng,*/*;q=0.8",
  "referer": "http://localhost:8000/login.html",
  "accept-encoding": "gzip, deflate, br",
  "accept-language": "en-US,en;q=0.9",
  "cookie": "logInFailed=true"
}
COOKIES=> {
  "logInFailed": "true"
}
BODY=> {
  "userName": "salmans",
  "fullName": ""
}
------------------------------
Tue Jan 09 2018 3:45:26 PM
GET /guestBook.html
HEADERS=> {
  "host": "localhost:8000",
  "connection": "keep-alive",
  "cache-control": "max-age=0",
  "upgrade-insecure-requests": "1",
  "user-agent": "Mozilla/5.0 (Macintosh; Intel Mac OS X 10_13_2) AppleWebKit/537.36 (KHTML, like Gecko) Chrome/63.0.3239.84 Safari/537.36",
  "accept": "text/html,application/xhtml+xml,application/xml;q=0.9,image/webp,image/apng,*/*;q=0.8",
  "referer": "http://localhost:8000/login.html",
  "accept-encoding": "gzip, deflate, br",
  "accept-language": "en-US,en;q=0.9",
  "cookie": "logInFailed=true; sessionid=1515492926041"
}
COOKIES=> {
  "logInFailed": "true",
  "sessionid": "1515492926041"
}
BODY=> {}
------------------------------
Tue Jan 09 2018 3:45:26 PM
GET /css/master.css
HEADERS=> {
  "host": "localhost:8000",
  "connection": "keep-alive",
  "user-agent": "Mozilla/5.0 (Macintosh; Intel Mac OS X 10_13_2) AppleWebKit/537.36 (KHTML, like Gecko) Chrome/63.0.3239.84 Safari/537.36",
  "accept": "text/css,*/*;q=0.1",
  "referer": "http://localhost:8000/guestBook.html",
  "accept-encoding": "gzip, deflate, br",
  "accept-language": "en-US,en;q=0.9",
  "cookie": "logInFailed=true; sessionid=1515492926041"
}
COOKIES=> {
  "logInFailed": "true",
  "sessionid": "1515492926041"
}
BODY=> {}
------------------------------
Tue Jan 09 2018 3:45:32 PM
GET /logout
HEADERS=> {
  "host": "localhost:8000",
  "connection": "keep-alive",
  "upgrade-insecure-requests": "1",
  "user-agent": "Mozilla/5.0 (Macintosh; Intel Mac OS X 10_13_2) AppleWebKit/537.36 (KHTML, like Gecko) Chrome/63.0.3239.84 Safari/537.36",
  "accept": "text/html,application/xhtml+xml,application/xml;q=0.9,image/webp,image/apng,*/*;q=0.8",
  "referer": "http://localhost:8000/guestBook.html",
  "accept-encoding": "gzip, deflate, br",
  "accept-language": "en-US,en;q=0.9",
  "cookie": "logInFailed=true; sessionid=1515492926041"
}
COOKIES=> {
  "logInFailed": "true",
  "sessionid": "1515492926041"
}
BODY=> {}
------------------------------
Tue Jan 09 2018 3:45:32 PM
GET /login.html
HEADERS=> {
  "host": "localhost:8000",
  "connection": "keep-alive",
  "upgrade-insecure-requests": "1",
  "user-agent": "Mozilla/5.0 (Macintosh; Intel Mac OS X 10_13_2) AppleWebKit/537.36 (KHTML, like Gecko) Chrome/63.0.3239.84 Safari/537.36",
  "accept": "text/html,application/xhtml+xml,application/xml;q=0.9,image/webp,image/apng,*/*;q=0.8",
  "referer": "http://localhost:8000/guestBook.html",
  "accept-encoding": "gzip, deflate, br",
  "accept-language": "en-US,en;q=0.9",
  "cookie": "logInFailed=true"
}
COOKIES=> {
  "logInFailed": "true"
}
BODY=> {}
------------------------------
Tue Jan 09 2018 3:45:32 PM
GET /css/master.css
HEADERS=> {
  "host": "localhost:8000",
  "connection": "keep-alive",
  "user-agent": "Mozilla/5.0 (Macintosh; Intel Mac OS X 10_13_2) AppleWebKit/537.36 (KHTML, like Gecko) Chrome/63.0.3239.84 Safari/537.36",
  "accept": "text/css,*/*;q=0.1",
  "referer": "http://localhost:8000/login.html",
  "accept-encoding": "gzip, deflate, br",
  "accept-language": "en-US,en;q=0.9",
  "cookie": "logInFailed=true"
}
COOKIES=> {
  "logInFailed": "true"
}
BODY=> {}
------------------------------
Tue Jan 09 2018 3:46:03 PM
POST /login.html
HEADERS=> {
  "host": "localhost:8000",
  "connection": "keep-alive",
  "content-length": "26",
  "cache-control": "max-age=0",
  "origin": "http://localhost:8000",
  "upgrade-insecure-requests": "1",
  "content-type": "application/x-www-form-urlencoded",
  "user-agent": "Mozilla/5.0 (Macintosh; Intel Mac OS X 10_13_2) AppleWebKit/537.36 (KHTML, like Gecko) Chrome/63.0.3239.84 Safari/537.36",
  "accept": "text/html,application/xhtml+xml,application/xml;q=0.9,image/webp,image/apng,*/*;q=0.8",
  "referer": "http://localhost:8000/login.html",
  "accept-encoding": "gzip, deflate, br",
  "accept-language": "en-US,en;q=0.9",
  "cookie": "logInFailed=true"
}
COOKIES=> {
  "logInFailed": "true"
}
BODY=> {
  "userName": "salmans",
  "fullName": ""
}
------------------------------
Tue Jan 09 2018 3:46:03 PM
GET /guestBook.html
HEADERS=> {
  "host": "localhost:8000",
  "connection": "keep-alive",
  "cache-control": "max-age=0",
  "upgrade-insecure-requests": "1",
  "user-agent": "Mozilla/5.0 (Macintosh; Intel Mac OS X 10_13_2) AppleWebKit/537.36 (KHTML, like Gecko) Chrome/63.0.3239.84 Safari/537.36",
  "accept": "text/html,application/xhtml+xml,application/xml;q=0.9,image/webp,image/apng,*/*;q=0.8",
  "referer": "http://localhost:8000/login.html",
  "accept-encoding": "gzip, deflate, br",
  "accept-language": "en-US,en;q=0.9",
  "cookie": "logInFailed=true; sessionid=1515492963695"
}
COOKIES=> {
  "logInFailed": "true",
  "sessionid": "1515492963695"
}
BODY=> {}
------------------------------
Tue Jan 09 2018 3:46:03 PM
GET /css/master.css
HEADERS=> {
  "host": "localhost:8000",
  "connection": "keep-alive",
  "user-agent": "Mozilla/5.0 (Macintosh; Intel Mac OS X 10_13_2) AppleWebKit/537.36 (KHTML, like Gecko) Chrome/63.0.3239.84 Safari/537.36",
  "accept": "text/css,*/*;q=0.1",
  "referer": "http://localhost:8000/guestBook.html",
  "accept-encoding": "gzip, deflate, br",
  "accept-language": "en-US,en;q=0.9",
  "cookie": "logInFailed=true; sessionid=1515492963695"
}
COOKIES=> {
  "logInFailed": "true",
  "sessionid": "1515492963695"
}
BODY=> {}
------------------------------
Tue Jan 09 2018 3:46:05 PM
GET /logout
HEADERS=> {
  "host": "localhost:8000",
  "connection": "keep-alive",
  "upgrade-insecure-requests": "1",
  "user-agent": "Mozilla/5.0 (Macintosh; Intel Mac OS X 10_13_2) AppleWebKit/537.36 (KHTML, like Gecko) Chrome/63.0.3239.84 Safari/537.36",
  "accept": "text/html,application/xhtml+xml,application/xml;q=0.9,image/webp,image/apng,*/*;q=0.8",
  "referer": "http://localhost:8000/guestBook.html",
  "accept-encoding": "gzip, deflate, br",
  "accept-language": "en-US,en;q=0.9",
  "cookie": "logInFailed=true; sessionid=1515492963695"
}
COOKIES=> {
  "logInFailed": "true",
  "sessionid": "1515492963695"
}
BODY=> {}
------------------------------
Tue Jan 09 2018 3:46:05 PM
GET /login.html
HEADERS=> {
  "host": "localhost:8000",
  "connection": "keep-alive",
  "upgrade-insecure-requests": "1",
  "user-agent": "Mozilla/5.0 (Macintosh; Intel Mac OS X 10_13_2) AppleWebKit/537.36 (KHTML, like Gecko) Chrome/63.0.3239.84 Safari/537.36",
  "accept": "text/html,application/xhtml+xml,application/xml;q=0.9,image/webp,image/apng,*/*;q=0.8",
  "referer": "http://localhost:8000/guestBook.html",
  "accept-encoding": "gzip, deflate, br",
  "accept-language": "en-US,en;q=0.9"
}
COOKIES=> {}
BODY=> {}
------------------------------
Tue Jan 09 2018 3:46:05 PM
GET /css/master.css
HEADERS=> {
  "host": "localhost:8000",
  "connection": "keep-alive",
  "user-agent": "Mozilla/5.0 (Macintosh; Intel Mac OS X 10_13_2) AppleWebKit/537.36 (KHTML, like Gecko) Chrome/63.0.3239.84 Safari/537.36",
  "accept": "text/css,*/*;q=0.1",
  "referer": "http://localhost:8000/login.html",
  "accept-encoding": "gzip, deflate, br",
  "accept-language": "en-US,en;q=0.9"
}
COOKIES=> {}
BODY=> {}
